<?xml version="1.0" encoding="UTF-8"?>
<!-- Generated by org.testng.reporters.JUnitReportReporter -->
<testsuite hostname="DESKTOP-7DJOK08" failures="0" tests="1" name="testCases.HandlingWebElementList" time="0.001" errors="0" timestamp="2023-12-29T10:34:53 EST" skipped="0">
  <testcase classname="testCases.HandlingWebElementList" name="getProductList" time="0.001"/>
  <system-out/>
</testsuite> <!-- testCases.HandlingWebElementList -->
