<?xml version="1.0" encoding="UTF-8"?>
<!-- Generated by org.testng.reporters.JUnitReportReporter -->
<testsuite hostname="DESKTOP-7DJOK08" failures="0" tests="1" name="testCases.HandleExcel" time="0.612" errors="0" timestamp="2023-12-05T11:54:19 EST" skipped="0">
  <testcase classname="testCases.HandleExcel" name="readDataFromExcel" time="0.612"/>
  <system-out/>
</testsuite> <!-- testCases.HandleExcel -->
