<?xml version="1.0" encoding="UTF-8"?>
<!-- Generated by org.testng.reporters.JUnitReportReporter -->
<testsuite hostname="DESKTOP-7DJOK08" failures="0" tests="1" name="testCases.HeadlessOperation" time="5.397" errors="0" timestamp="2023-12-29T10:34:53 EST" skipped="0">
  <testcase classname="testCases.HeadlessOperation" name="getPage" time="5.397"/>
  <system-out/>
</testsuite> <!-- testCases.HeadlessOperation -->
