<?xml version="1.0" encoding="UTF-8"?>
<!-- Generated by org.testng.reporters.JUnitReportReporter -->
<testsuite hostname="DESKTOP-7DJOK08" failures="0" tests="1" name="testCases.ThirdTC" time="4.841" errors="0" timestamp="2023-12-06T10:03:50 EST" skipped="0">
  <testcase classname="testCases.ThirdTC" name="getPage" time="4.841"/>
  <system-out/>
</testsuite> <!-- testCases.ThirdTC -->
