<?xml version="1.0" encoding="UTF-8"?>
<!-- Generated by org.testng.reporters.JUnitReportReporter -->
<testsuite hostname="DESKTOP-7DJOK08" failures="0" tests="1" name="testCases.IncognitoMode" time="2.216" errors="0" timestamp="2023-12-29T10:34:53 EST" skipped="0">
  <testcase classname="testCases.IncognitoMode" name="incognitoWindow" time="2.216"/>
  <system-out/>
</testsuite> <!-- testCases.IncognitoMode -->
