<?xml version="1.0" encoding="UTF-8"?>
<!-- Generated by org.testng.reporters.JUnitReportReporter -->
<testsuite hostname="DESKTOP-7DJOK08" failures="0" tests="4" name="testCases.SecondTestCase" time="10.127" errors="0" timestamp="2023-12-29T10:37:07 EST" skipped="0">
  <testcase classname="testCases.SecondTestCase" name="verifyTitle" time="0.075"/>
  <system-out/>
  <testcase classname="testCases.SecondTestCase" name="openHomeAccessories" time="2.742"/>
  <system-out/>
  <testcase classname="testCases.SecondTestCase" name="verifyHomeAccessoriesTitle" time="0.039"/>
  <system-out/>
  <testcase classname="testCases.SecondTestCase" name="addProductToCart" time="7.271"/>
  <system-out/>
</testsuite> <!-- testCases.SecondTestCase -->
