<?xml version="1.0" encoding="UTF-8"?>
<!-- Generated by org.testng.reporters.JUnitReportReporter -->
<testsuite hostname="DESKTOP-7DJOK08" failures="0" tests="3" name="com.clothes.www.VerifyClothesSubCategories" time="5.054" errors="0" timestamp="2023-12-29T10:34:53 EST" skipped="2">
  <testcase classname="com.clothes.www.VerifyClothesSubCategories" name="verifyProductsInHomePage" time="5.054"/>
  <system-out/>
  <testcase classname="com.clothes.www.VerifyClothesSubCategories" name="verifyCategoryMen">
    <skipped/>
  </testcase> <!-- verifyCategoryMen -->
  <system-out/>
  <testcase classname="com.clothes.www.VerifyClothesSubCategories" name="verifyCategoriesCount">
    <skipped/>
  </testcase> <!-- verifyCategoriesCount -->
  <system-out/>
</testsuite> <!-- com.clothes.www.VerifyClothesSubCategories -->
