<?xml version="1.0" encoding="UTF-8"?>
<!-- Generated by org.testng.reporters.JUnitReportReporter -->
<testsuite hostname="DESKTOP-7DJOK08" failures="0" tests="2" name="testCases.HandleExcelTestCase" time="12.918" errors="0" timestamp="2023-12-29T10:34:53 EST" skipped="1">
  <testcase classname="testCases.HandleExcelTestCase" name="getInputDataFromExcel" time="12.918"/>
  <system-out/>
  <testcase classname="testCases.HandleExcelTestCase" name="readDataFromExcel">
    <skipped/>
  </testcase> <!-- readDataFromExcel -->
  <system-out/>
</testsuite> <!-- testCases.HandleExcelTestCase -->
