<?xml version="1.0" encoding="UTF-8"?>
<!-- Generated by org.testng.reporters.JUnitReportReporter -->
<testsuite hostname="DESKTOP-7DJOK08" failures="0" tests="4" name="testCases.FirstTestCase" time="4.892" errors="0" timestamp="2023-12-29T10:37:07 EST" skipped="0">
  <testcase classname="testCases.FirstTestCase" name="verifyTitle" time="0.030"/>
  <system-out/>
  <testcase classname="testCases.FirstTestCase" name="verifySearchButton" time="0.510"/>
  <system-out/>
  <testcase classname="testCases.FirstTestCase" name="verifyProduct" time="0.034"/>
  <system-out/>
  <testcase classname="testCases.FirstTestCase" name="addProductToCart" time="4.318"/>
  <system-out/>
</testsuite> <!-- testCases.FirstTestCase -->
