<?xml version="1.0" encoding="UTF-8"?>
<!-- Generated by org.testng.reporters.JUnitReportReporter -->
<testsuite hostname="DESKTOP-7DJOK08" failures="0" tests="3" name="com.login.www.VerifyLoginButton" time="35.355" errors="0" timestamp="2023-12-29T10:34:53 EST" skipped="0">
  <testcase classname="com.login.www.VerifyLoginButton" name="verifyLogin" time="14.430"/>
  <system-out/>
  <testcase classname="com.login.www.VerifyLoginButton" name="verifyLogin" time="10.474"/>
  <system-out/>
  <testcase classname="com.login.www.VerifyLoginButton" name="verifyLogin" time="10.451"/>
  <system-out/>
</testsuite> <!-- com.login.www.VerifyLoginButton -->
