<?xml version="1.0" encoding="UTF-8"?>
<!-- Generated by org.testng.reporters.JUnitReportReporter -->
<testsuite hostname="DESKTOP-7DJOK08" failures="0" tests="4" name="testCases.SecondTestCase" time="10.361" errors="0" timestamp="2023-12-29T10:39:19 EST" skipped="0">
  <testcase classname="testCases.SecondTestCase" name="verifyTitle" time="0.078"/>
  <testcase classname="testCases.SecondTestCase" name="openHomeAccessories" time="2.802"/>
  <testcase classname="testCases.SecondTestCase" name="verifyHomeAccessoriesTitle" time="0.058"/>
  <testcase classname="testCases.SecondTestCase" name="addProductToCart" time="7.423"/>
</testsuite> <!-- testCases.SecondTestCase -->
