<?xml version="1.0" encoding="UTF-8"?>
<!-- Generated by org.testng.reporters.JUnitReportReporter -->
<testsuite hostname="DESKTOP-7DJOK08" failures="0" tests="4" name="testCases.FirstTestCase" time="5.256" errors="0" timestamp="2024-01-02T09:29:30 EST" skipped="0">
  <testcase classname="testCases.FirstTestCase" name="verifyTitle" time="0.032"/>
  <testcase classname="testCases.FirstTestCase" name="verifySearchButton" time="0.641"/>
  <testcase classname="testCases.FirstTestCase" name="verifyProduct" time="0.064"/>
  <testcase classname="testCases.FirstTestCase" name="addProductToCart" time="4.519"/>
</testsuite> <!-- testCases.FirstTestCase -->
