<?xml version="1.0" encoding="UTF-8"?>
<!-- Generated by org.testng.reporters.JUnitReportReporter -->
<testsuite hostname="DESKTOP-7DJOK08" failures="0" tests="4" name="testCases.SecondTestCase" time="10.456" errors="0" timestamp="2024-01-02T09:29:30 EST" skipped="0">
  <testcase classname="testCases.SecondTestCase" name="verifyTitle" time="0.080"/>
  <testcase classname="testCases.SecondTestCase" name="openHomeAccessories" time="2.869"/>
  <testcase classname="testCases.SecondTestCase" name="verifyHomeAccessoriesTitle" time="0.054"/>
  <testcase classname="testCases.SecondTestCase" name="addProductToCart" time="7.453"/>
</testsuite> <!-- testCases.SecondTestCase -->
