<?xml version="1.0" encoding="UTF-8"?>
<!-- Generated by org.testng.reporters.JUnitReportReporter -->
<testsuite hostname="DESKTOP-7DJOK08" failures="0" tests="4" name="testCases.FirstTestCase" time="4.971" errors="0" timestamp="2023-12-29T10:39:19 EST" skipped="0">
  <testcase classname="testCases.FirstTestCase" name="verifyTitle" time="0.033"/>
  <testcase classname="testCases.FirstTestCase" name="verifySearchButton" time="0.565"/>
  <testcase classname="testCases.FirstTestCase" name="verifyProduct" time="0.031"/>
  <testcase classname="testCases.FirstTestCase" name="addProductToCart" time="4.342"/>
</testsuite> <!-- testCases.FirstTestCase -->
